Start testing: Nov 23 15:54 CST
----------------------------------------------------------
1/1 Testing: tests
1/1 Test: tests
Command: "/Users/paezand/Concorde/tests"
Directory: /Users/paezand/Concorde
"tests" start time: Nov 23 15:54 CST
Output:
----------------------------------------------------------
Running main() from /Users/paezand/Concorde/googletest/googletest/src/gtest_main.cc
[==========] Running 2 tests from 2 test suites.
[----------] Global test environment set-up.
[----------] 1 test from DefaultTest
[ RUN      ] DefaultTest.ServerConstructorDoesntCrash
Closing socket
Closed socket
[       OK ] DefaultTest.ServerConstructorDoesntCrash (1 ms)
[----------] 1 test from DefaultTest (1 ms total)

[----------] 1 test from ServerTests
[ RUN      ] ServerTests.GetRequestHappyPath
New server at 15296
ClientThread created
ClientThread created
ClientThread created
ClientThread created
ClientThread created
ClientThread created
ClientThread created
ClientThread created
ClientThread created
ClientThread created
Polling
Events found 1
New Request Thread
INIT
CONFIG DONE
LAUNCHED THREAD
DONE INIT
Polling
Reading payload
59
Reading payload
-1
RESPONDING 200
SENT 200
Quit signal
Events found 1
New Request Thread
INIT
CONFIG DONE
LAUNCHED THREAD
DONE INIT
CLOSING CLIENT THREADS
Thread about to be Joined
Reading payload
59
Reading payload
-1
RESPONDING 200
SENT 200
Quit signal sent
Thread Joined
Thread about to be Joined
Thread Joined
Thread about to be Joined
Thread Joined
Thread about to be Joined
Thread Joined
Thread about to be Joined
Thread Joined
Thread about to be Joined
Thread Joined
Thread about to be Joined
Thread Joined
Thread about to be Joined
Thread Joined
Thread about to be Joined
Thread Joined
Thread about to be Joined
Thread Joined
Closing socket
Closed socket
[       OK ] ServerTests.GetRequestHappyPath (65 ms)
[----------] 1 test from ServerTests (65 ms total)

[----------] Global test environment tear-down
[==========] 2 tests from 2 test suites ran. (66 ms total)
[  PASSED  ] 2 tests.
<end of output>
Test time =   0.08 sec
----------------------------------------------------------
Test Passed.
"tests" end time: Nov 23 15:54 CST
"tests" time elapsed: 00:00:00
----------------------------------------------------------

End testing: Nov 23 15:54 CST
